<?xml version="1.0" encoding="UTF-8"?>
<testsuite xmlns:xsi="http://www.w3.org/2001/XMLSchema-instance" xsi:noNamespaceSchemaLocation="https://maven.apache.org/surefire/maven-surefire-plugin/xsd/surefire-test-report-3.0.xsd" version="3.0" name="hello.HelloWorldConfigurationTests" time="18.872" tests="1" errors="0" skipped="0" failures="0">
  <properties>
[...]
</properties>
  <testcase name="testGreeting" classname="hello.HelloWorldConfigurationTests" time="5.37">
    <system-out><![CDATA[13:46:33.649 [main] INFO org.springframework.test.context.support.AnnotationConfigContextLoaderUtils -- Could not detect default configuration classes for test class [hello.HelloWorldConfigurationTests]: HelloWorldConfigurationTests does not declare any static, non-private, non-final, nested classes annotated with @Configuration.
13:46:34.324 [main] INFO org.springframework.boot.test.context.SpringBootTestContextBootstrapper -- Found @SpringBootConfiguration hello.Application for test class hello.HelloWorldConfigurationTests
  .   ____          _            __ _ _
 /\\ / ___'_ __ _ _(_)_ __  __ _ \ \ \ \
( ( )\___ | '_ | '_| | '_ \/ _` | \ \ \ \
 \\/  ___)| |_)| | | | | || (_| |  ) ) ) )
  '  |____| .__|_| |_|_| |_\__, | / / / /
 =========|_|==============|___/=/_/_/_/

 :: Spring Boot ::                (v3.3.0)

2025-03-18T13:46:37.748+07:00  INFO 1953 --- [testLatticeApp] [           main] hello.HelloWorldConfigurationTests       : Starting HelloWorldConfigurationTests using Java 17.0.14 with PID 1953 (started by chouchoussy in /mnt/d/uet/Phát triển ứng dụng doanh nghiệp/gs-spring-boot-docker/complete)
2025-03-18T13:46:37.753+07:00  INFO 1953 --- [testLatticeApp] [           main] hello.HelloWorldConfigurationTests       : No active profile set, falling back to 1 default profile: "default"
2025-03-18T13:46:43.306+07:00  INFO 1953 --- [testLatticeApp] [           main] o.s.b.w.embedded.tomcat.TomcatWebServer  : Tomcat initialized with port 0 (http)
2025-03-18T13:46:43.387+07:00  INFO 1953 --- [testLatticeApp] [           main] o.apache.catalina.core.StandardService   : Starting service [Tomcat]
2025-03-18T13:46:43.388+07:00  INFO 1953 --- [testLatticeApp] [           main] o.apache.catalina.core.StandardEngine    : Starting Servlet engine: [Apache Tomcat/10.1.24]
2025-03-18T13:46:43.641+07:00  INFO 1953 --- [testLatticeApp] [           main] o.a.c.c.C.[Tomcat].[localhost].[/]       : Initializing Spring embedded WebApplicationContext
2025-03-18T13:46:43.643+07:00  INFO 1953 --- [testLatticeApp] [           main] w.s.c.ServletWebServerApplicationContext : Root WebApplicationContext: initialization completed in 5750 ms
2025-03-18T13:46:45.976+07:00  INFO 1953 --- [testLatticeApp] [           main] o.s.b.w.embedded.tomcat.TomcatWebServer  : Tomcat started on port 37519 (http) with context path '/'
2025-03-18T13:46:45.995+07:00  INFO 1953 --- [testLatticeApp] [           main] hello.HelloWorldConfigurationTests       : Started HelloWorldConfigurationTests in 10.268 seconds (process running for 15.777)
2025-03-18T13:46:51.021+07:00  INFO 1953 --- [testLatticeApp] [o-auto-1-exec-1] o.a.c.c.C.[Tomcat].[localhost].[/]       : Initializing Spring DispatcherServlet 'dispatcherServlet'
2025-03-18T13:46:51.021+07:00  INFO 1953 --- [testLatticeApp] [o-auto-1-exec-1] o.s.web.servlet.DispatcherServlet        : Initializing Servlet 'dispatcherServlet'
2025-03-18T13:46:51.023+07:00  INFO 1953 --- [testLatticeApp] [o-auto-1-exec-1] o.s.web.servlet.DispatcherServlet        : Completed initialization in 1 ms
]]></system-out>
  </testcase>
</testsuite>